<?xml version="1.0" encoding="UTF-8"?>
<!-- Generated by org.testng.reporters.JUnitXMLReporter -->
<testsuite ignored="3" hostname="DESKTOP-M3UAVPI" failures="0" tests="5" name="Test" time="29.329" errors="0" timestamp="2023-12-05T20:38:44 IST">
  <testcase classname="PracticeSelenium.Registration" name="verifyErrorMessagesInRegistration" time="0.65"/>
  <testcase classname="PracticeSelenium.Registration" name="verifyRegistration" time="1.774"/>
  <testcase classname="PracticeSelenium.Login" name="verifyWithInvalidCredentials" time="1.065"/>
  <testcase classname="PracticeSelenium.Login" name="verifyWithValidCredentials" time="1.09"/>
  <testcase classname="PracticeSelenium.Login" name="assertAfterLogin" time="1.681"/>
  <testcase classname="com.QualitrixSeleniumProject.base.Base" name="@BeforeSuite InitExentReport" time="0.0">
    <ignored/>
  </testcase> <!-- @BeforeSuite InitExentReport -->
  <testcase classname="com.QualitrixSeleniumProject.base.Base" name="@BeforeTest getnameMethod" time="0.0">
    <ignored/>
  </testcase> <!-- @BeforeTest getnameMethod -->
  <testcase classname="com.QualitrixSeleniumProject.base.Base" name="@AfterSuite generateReports" time="0.0">
    <ignored/>
  </testcase> <!-- @AfterSuite generateReports -->
</testsuite> <!-- Test -->
